2022-03-08 14:28:33.000688;M1B_Workflow Entry
2022-03-08 14:28:33.000688;M1B_Workflow.TaskA Entry
2022-03-08 14:28:33.000688;M1B_Workflow.TaskA Executing TimeFunction (TaskA_Input, 1)
2022-03-08 14:28:34.000689;M1B_Workflow.TaskA Exit
2022-03-08 14:28:34.000690;M1B_Workflow.FlowA Entry
2022-03-08 14:28:34.000691;M1B_Workflow.FlowA.TaskB Entry
2022-03-08 14:28:34.000691;M1B_Workflow.FlowA.TaskB Executing TimeFunction (TaskB_Input, 14)
2022-03-08 14:28:34.000692;M1B_Workflow.FlowA.TaskC Entry
2022-03-08 14:28:34.000692;M1B_Workflow.FlowA.TaskC Executing TimeFunction (TaskC_Input, 5)
2022-03-08 14:28:34.000693;M1B_Workflow.FlowA.TaskD Entry
2022-03-08 14:28:34.000693;M1B_Workflow.FlowA.TaskD Executing TimeFunction (TaskD_Input, 5)
2022-03-08 14:28:34.000694;M1B_Workflow.FlowA.FlowB Entry
2022-03-08 14:28:34.000694;M1B_Workflow.FlowA.FlowC Entry
2022-03-08 14:28:34.000695;M1B_Workflow.FlowA.FlowB.TaskE Entry
2022-03-08 14:28:34.000695;M1B_Workflow.FlowA.FlowC.TaskG Entry
2022-03-08 14:28:34.000695;M1B_Workflow.FlowA.TaskI Entry
2022-03-08 14:28:34.000696;M1B_Workflow.FlowA.FlowB.TaskE Executing TimeFunction (TaskE_Input, 5)
2022-03-08 14:28:34.000696;M1B_Workflow.FlowA.FlowC.TaskG Executing TimeFunction (TaskG_Input, 2)
2022-03-08 14:28:34.000697;M1B_Workflow.FlowA.TaskI Executing TimeFunction (TaskI_Input, 5)
2022-03-08 14:28:36.000699;M1B_Workflow.FlowA.FlowC.TaskG Exit
2022-03-08 14:28:36.000699;M1B_Workflow.FlowA.FlowC.TaskH Entry
2022-03-08 14:28:36.000699;M1B_Workflow.FlowA.FlowC.TaskH Executing TimeFunction (TaskH_Input, 2)
2022-03-08 14:28:38.000701;M1B_Workflow.FlowA.FlowC.TaskH Exit
2022-03-08 14:28:38.000702;M1B_Workflow.FlowA.FlowC Exit
2022-03-08 14:28:39.000694;M1B_Workflow.FlowA.TaskC Exit
2022-03-08 14:28:39.000695;M1B_Workflow.FlowA.TaskD Exit
2022-03-08 14:28:39.000699;M1B_Workflow.FlowA.FlowB.TaskE Exit
2022-03-08 14:28:39.000699;M1B_Workflow.FlowA.FlowB.TaskF Entry
2022-03-08 14:28:39.000699;M1B_Workflow.FlowA.FlowB.TaskF Executing TimeFunction (TaskF_Input, 1)
2022-03-08 14:28:39.000702;M1B_Workflow.FlowA.TaskI Exit
2022-03-08 14:28:40.000700;M1B_Workflow.FlowA.FlowB.TaskF Exit
2022-03-08 14:28:40.000700;M1B_Workflow.FlowA.FlowB Exit
2022-03-08 14:28:48.000703;M1B_Workflow.FlowA.TaskB Exit
2022-03-08 14:28:48.000703;M1B_Workflow.FlowA Exit
2022-03-08 14:28:48.000703;M1B_Workflow.TaskZ Entry
2022-03-08 14:28:48.000704;M1B_Workflow.TaskZ Executing TimeFunction (TaskZ_Input, 5)
2022-03-08 14:28:53.000706;M1B_Workflow.TaskZ Exit
2022-03-08 14:28:53.000707;M1B_Workflow Exit
