2022-03-08 14:37:53.000446;M1B_Workflow Entry
2022-03-08 14:37:53.000446;M1B_Workflow.TaskA Entry
2022-03-08 14:37:53.000446;M1B_Workflow.TaskA Executing TimeFunction (TaskA_Input, 1)
2022-03-08 14:37:54.000448;M1B_Workflow.TaskA Exit
2022-03-08 14:37:54.000448;M1B_Workflow.FlowA Entry
2022-03-08 14:37:54.000448;M1B_Workflow.FlowA.TaskB Entry
2022-03-08 14:37:54.000449;M1B_Workflow.FlowA.TaskB Executing TimeFunction (TaskB_Input, 14)
2022-03-08 14:37:54.000449;M1B_Workflow.FlowA.TaskC Entry
2022-03-08 14:37:54.000449;M1B_Workflow.FlowA.TaskC Executing TimeFunction (TaskC_Input, 5)
2022-03-08 14:37:54.000449;M1B_Workflow.FlowA.TaskD Entry
2022-03-08 14:37:54.000450;M1B_Workflow.FlowA.FlowB Entry
2022-03-08 14:37:54.000450;M1B_Workflow.FlowA.TaskD Executing TimeFunction (TaskD_Input, 5)
2022-03-08 14:37:54.000450;M1B_Workflow.FlowA.FlowB.TaskE Entry
2022-03-08 14:37:54.000450;M1B_Workflow.FlowA.FlowC Entry
2022-03-08 14:37:54.000451;M1B_Workflow.FlowA.TaskI Entry
2022-03-08 14:37:54.000451;M1B_Workflow.FlowA.FlowB.TaskE Executing TimeFunction (TaskE_Input, 5)
2022-03-08 14:37:54.000451;M1B_Workflow.FlowA.FlowC.TaskG Entry
2022-03-08 14:37:54.000451;M1B_Workflow.FlowA.TaskI Executing TimeFunction (TaskI_Input, 5)
2022-03-08 14:37:54.000451;M1B_Workflow.FlowA.FlowC.TaskG Executing TimeFunction (TaskG_Input, 2)
2022-03-08 14:37:56.000453;M1B_Workflow.FlowA.FlowC.TaskG Exit
2022-03-08 14:37:56.000453;M1B_Workflow.FlowA.FlowC.TaskH Entry
2022-03-08 14:37:56.000453;M1B_Workflow.FlowA.FlowC.TaskH Executing TimeFunction (TaskH_Input, 2)
2022-03-08 14:37:58.000454;M1B_Workflow.FlowA.FlowC.TaskH Exit
2022-03-08 14:37:58.000455;M1B_Workflow.FlowA.FlowC Exit
2022-03-08 14:37:59.000454;M1B_Workflow.FlowA.TaskD Exit
2022-03-08 14:37:59.000455;M1B_Workflow.FlowA.TaskC Exit
2022-03-08 14:37:59.000455;M1B_Workflow.FlowA.TaskI Exit
2022-03-08 14:37:59.000456;M1B_Workflow.FlowA.FlowB.TaskE Exit
2022-03-08 14:37:59.000457;M1B_Workflow.FlowA.FlowB.TaskF Entry
2022-03-08 14:37:59.000457;M1B_Workflow.FlowA.FlowB.TaskF Executing TimeFunction (TaskF_Input, 1)
2022-03-08 14:38:00.000458;M1B_Workflow.FlowA.FlowB.TaskF Exit
2022-03-08 14:38:00.000458;M1B_Workflow.FlowA.FlowB Exit
2022-03-08 14:38:08.000462;M1B_Workflow.FlowA.TaskB Exit
2022-03-08 14:38:08.000463;M1B_Workflow.FlowA Exit
2022-03-08 14:38:08.000463;M1B_Workflow.TaskZ Entry
2022-03-08 14:38:08.000463;M1B_Workflow.TaskZ Executing TimeFunction (TaskZ_Input, 5)
2022-03-08 14:38:13.000466;M1B_Workflow.TaskZ Exit
2022-03-08 14:38:13.000467;M1B_Workflow Exit
